<?xml version="1.0" encoding="UTF-8"?>
<!-- Generated by org.testng.reporters.JUnitReportReporter -->
<testsuite hostname="Wilma" name="module.basicTest" tests="1" failures="0" timestamp="12 Mar 2018 20:44:38 GMT" time="9.520" errors="0">
  <testcase name="Test1" time="9.520" classname="module.basicTest"/>
</testsuite> <!-- module.basicTest -->
