<?xml version="1.0" encoding="UTF-8"?>
<!-- Generated by org.testng.reporters.JUnitReportReporter -->
<testsuite hostname="Wilma" name="module.webpagefxTest" tests="1" failures="0" timestamp="13 Mar 2018 03:55:46 GMT" time="8.768" errors="0">
  <testcase name="dropdowncheck" time="8.768" classname="module.webpagefxTest"/>
</testsuite> <!-- module.webpagefxTest -->
